<?xml version="1.0" encoding="UTF-8"?>
<testsuite xmlns:xsi="http://www.w3.org/2001/XMLSchema-instance" xsi:noNamespaceSchemaLocation="https://maven.apache.org/surefire/maven-surefire-plugin/xsd/surefire-test-report.xsd" version="3.0.2" name="com.example.api.v2.candidate.CandidatesDocumentationV2Spec" time="0.563" tests="10" errors="0" skipped="0" failures="2" flakes="0">
  <properties>
[...]
</properties>
  <testcase name="addCandidate" classname="CandidatesDocumentationV2Spec" time="0.158">
    <system-out><![CDATA[2026-09-15 06:06:58.951  INFO [                ,                ] --- [main] o.s.b.t.m.w.SpringBootMockServletContext : Initializing Spring TestDispatcherServlet ''
2026-09-15 06:06:58.951  INFO [                ,                ] --- [main] o.s.t.web.servlet.TestDispatcherServlet  : Initializing Servlet ''
2026-09-15 06:06:58.952  INFO [                ,                ] --- [main] o.s.t.web.servlet.TestDispatcherServlet  : Completed initialization in 1 ms
]]></system-out>
  </testcase>
  <testcase name="listCandidates" classname="CandidatesDocumentationV2Spec" time="0.048">
    <system-out><![CDATA[2026-09-15 06:06:59.107  INFO [                ,                ] --- [main] o.s.b.t.m.w.SpringBootMockServletContext : Initializing Spring TestDispatcherServlet ''
2026-09-15 06:06:59.108  INFO [                ,                ] --- [main] o.s.t.web.servlet.TestDispatcherServlet  : Initializing Servlet ''
2026-09-15 06:06:59.108  INFO [                ,                ] --- [main] o.s.t.web.servlet.TestDispatcherServlet  : Completed initialization in 0 ms
2026-09-15 06:06:59.126  INFO [                ,                ] --- [main] c.d.a.v.candidate.CandidateControllerV2  : Requests CandidateListRequest{query=John, status=[WAITING_FOR_ANSWERS], tags=[Phoenix, TeamLeader], startDate=2020-04-22}
]]></system-out>
  </testcase>
  <testcase name="getCandidate" classname="CandidatesDocumentationV2Spec" time="0.037">
    <system-out><![CDATA[2026-09-15 06:06:59.156  INFO [                ,                ] --- [main] o.s.b.t.m.w.SpringBootMockServletContext : Initializing Spring TestDispatcherServlet ''
2026-09-15 06:06:59.157  INFO [                ,                ] --- [main] o.s.t.web.servlet.TestDispatcherServlet  : Initializing Servlet ''
2026-09-15 06:06:59.157  INFO [                ,                ] --- [main] o.s.t.web.servlet.TestDispatcherServlet  : Completed initialization in 0 ms
]]></system-out>
  </testcase>
  <testcase name="addAssessment" classname="CandidatesDocumentationV2Spec" time="0.051">
    <failure message="Condition failed with Exception:&#10;&#10;response.andExpect(status().isCreated()) .andExpect(header().string(&quot;Location&quot;, &quot;https://api.example.com/candidates/1024138f-684f-4311-b539-774fd3ef3a9c/assessments/90224982-2017-4098-bfc8-48f7b60ec01d&quot;))&#10;|        |         |        |             |         |        |&#10;|        |         |        |             |         |        &lt;org.springframework.test.web.servlet.result.HeaderResultMatchers$$Lambda/0x000000001ea27b80@620e3f51 arg$1=inaccessible arg$2=inaccessible&gt;&#10;|        |         |        |             |         &lt;org.springframework.test.web.servlet.result.HeaderResultMatchers@20aec74f&gt;&#10;|        |         |        |             java.lang.AssertionError: Response header &apos;Location&apos; expected:&lt;https://api.example.com/candidates/1024138f-684f-4311-b539-774fd3ef3a9c/assessments/90224982-2017-4098-bfc8-48f7b60ec01d&gt; but was:&lt;https://api.example.com/candidates/575d83f6-4be6-1075-516b-be2cb327acd3/assessments/90224982-2017-4098-bfc8-48f7b60ec01d&gt;&#10;|        |         |        |             	at org.springframework.test.util.AssertionErrors.fail(AssertionErrors.java:62)&#10;|        |         |        |             	at org.springframework.test.util.AssertionErrors.assertEquals(AssertionErrors.java:129)&#10;|        |         |        |             	at org.springframework.test.web.servlet.result.HeaderResultMatchers.lambda$string$1(HeaderResultMatchers.java:79)&#10;|        |         |        |             	at org.springframework.test.web.servlet.MockMvc$1.andExpect(MockMvc.java:212)&#10;|        |         |        |             	at com.example.api.v2.candidate.CandidatesDocumentationV2Spec.addAssessment(CandidatesDocumentationV2Spec.groovy:162)&#10;|        |         |        &lt;org.springframework.test.web.servlet.result.StatusResultMatchers$$Lambda/0x000000001e915be0@1d553bee arg$1=inaccessible&gt;&#10;|        |         &lt;org.springframework.test.web.servlet.result.StatusResultMatchers@5f3d9383&gt;&#10;|        &lt;org.springframework.test.web.servlet.MockMvc$1@53d22605 val$mvcResult=inaccessible this$0=inaccessible&gt;&#10;&lt;org.springframework.test.web.servlet.MockMvc$1@53d22605 val$mvcResult=inaccessible this$0=inaccessible&gt;&#10;" type="Condition failed with Exception"><![CDATA[Condition failed with Exception:

response.andExpect(status().isCreated()) .andExpect(header().string("Location", "https://api.example.com/candidates/1024138f-684f-4311-b539-774fd3ef3a9c/assessments/90224982-2017-4098-bfc8-48f7b60ec01d"))
|        |         |        |             |         |        |
|        |         |        |             |         |        <org.springframework.test.web.servlet.result.HeaderResultMatchers$$Lambda/0x000000001ea27b80@620e3f51 arg$1=inaccessible arg$2=inaccessible>
|        |         |        |             |         <org.springframework.test.web.servlet.result.HeaderResultMatchers@20aec74f>
|        |         |        |             java.lang.AssertionError: Response header 'Location' expected:<https://api.example.com/candidates/1024138f-684f-4311-b539-774fd3ef3a9c/assessments/90224982-2017-4098-bfc8-48f7b60ec01d> but was:<https://api.example.com/candidates/575d83f6-4be6-1075-516b-be2cb327acd3/assessments/90224982-2017-4098-bfc8-48f7b60ec01d>
|        |         |        |             	at org.springframework.test.util.AssertionErrors.fail(AssertionErrors.java:62)
|        |         |        |             	at org.springframework.test.util.AssertionErrors.assertEquals(AssertionErrors.java:129)
|        |         |        |             	at org.springframework.test.web.servlet.result.HeaderResultMatchers.lambda$string$1(HeaderResultMatchers.java:79)
|        |         |        |             	at org.springframework.test.web.servlet.MockMvc$1.andExpect(MockMvc.java:212)
|        |         |        |             	at com.example.api.v2.candidate.CandidatesDocumentationV2Spec.addAssessment(CandidatesDocumentationV2Spec.groovy:162)
|        |         |        <org.springframework.test.web.servlet.result.StatusResultMatchers$$Lambda/0x000000001e915be0@1d553bee arg$1=inaccessible>
|        |         <org.springframework.test.web.servlet.result.StatusResultMatchers@5f3d9383>
|        <org.springframework.test.web.servlet.MockMvc$1@53d22605 val$mvcResult=inaccessible this$0=inaccessible>
<org.springframework.test.web.servlet.MockMvc$1@53d22605 val$mvcResult=inaccessible this$0=inaccessible>

	at com.example.api.v2.candidate.CandidatesDocumentationV2Spec.addAssessment(CandidatesDocumentationV2Spec.groovy:162)
Caused by: java.lang.AssertionError: Response header 'Location' expected:<https://api.example.com/candidates/1024138f-684f-4311-b539-774fd3ef3a9c/assessments/90224982-2017-4098-bfc8-48f7b60ec01d> but was:<https://api.example.com/candidates/575d83f6-4be6-1075-516b-be2cb327acd3/assessments/90224982-2017-4098-bfc8-48f7b60ec01d>
	at org.springframework.test.util.AssertionErrors.fail(AssertionErrors.java:62)
	at org.springframework.test.util.AssertionErrors.assertEquals(AssertionErrors.java:129)
	at org.springframework.test.web.servlet.result.HeaderResultMatchers.lambda$string$1(HeaderResultMatchers.java:79)
	at org.springframework.test.web.servlet.MockMvc$1.andExpect(MockMvc.java:212)
	... 1 more
]]></failure>
    <system-out><![CDATA[2026-09-15 06:06:59.193  INFO [                ,                ] --- [main] o.s.b.t.m.w.SpringBootMockServletContext : Initializing Spring TestDispatcherServlet ''
2026-09-15 06:06:59.193  INFO [                ,                ] --- [main] o.s.t.web.servlet.TestDispatcherServlet  : Initializing Servlet ''
2026-09-15 06:06:59.194  INFO [                ,                ] --- [main] o.s.t.web.servlet.TestDispatcherServlet  : Completed initialization in 1 ms
2026-09-15 06:06:59.203  INFO [                ,                ] --- [main] c.d.api.v2.candidate.CandidateService    : Create assessment for candidate=575d83f6-4be6-1075-516b-be2cb327acd3 with exam=70Wvi8uyl9mFFM4xuVdI5o
]]></system-out>
  </testcase>
  <testcase name="updateAnswerScore" classname="CandidatesDocumentationV2Spec" time="0.049">
    <system-out><![CDATA[2026-09-15 06:06:59.260  INFO [                ,                ] --- [main] o.s.b.t.m.w.SpringBootMockServletContext : Initializing Spring TestDispatcherServlet ''
2026-09-15 06:06:59.261  INFO [                ,                ] --- [main] o.s.t.web.servlet.TestDispatcherServlet  : Initializing Servlet ''
2026-09-15 06:06:59.267  INFO [                ,                ] --- [main] o.s.t.web.servlet.TestDispatcherServlet  : Completed initialization in 5 ms
]]></system-out>
  </testcase>
  <testcase name="patchAssessment" classname="CandidatesDocumentationV2Spec" time="0.036">
    <system-out><![CDATA[2026-09-15 06:06:59.307  INFO [                ,                ] --- [main] o.s.b.t.m.w.SpringBootMockServletContext : Initializing Spring TestDispatcherServlet ''
2026-09-15 06:06:59.307  INFO [                ,                ] --- [main] o.s.t.web.servlet.TestDispatcherServlet  : Initializing Servlet ''
2026-09-15 06:06:59.309  INFO [                ,                ] --- [main] o.s.t.web.servlet.TestDispatcherServlet  : Completed initialization in 1 ms
]]></system-out>
  </testcase>
  <testcase name="getAssessment" classname="CandidatesDocumentationV2Spec" time="0.11">
    <failure message="Condition failed with Exception:&#10;&#10;response.andExpect(status().isOk()) .andExpect(jsonPath(&apos;$._links.self.href&apos;).value(&quot;https://api.example.com/candidates/1024138f-684f-4311-b539-774fd3ef3a9c/assessments/90224982-2017-4098-bfc8-48f7b60ec01d&quot;))&#10;|        |         |        |        |         |                              |&#10;|        |         |        |        |         |                              &lt;org.springframework.test.web.servlet.result.JsonPathResultMatchers$$Lambda/0x000000001e925a28@56fa0c64 arg$1=inaccessible arg$2=inaccessible&gt;&#10;|        |         |        |        |         &lt;org.springframework.test.web.servlet.result.JsonPathResultMatchers@1154f447 jsonPathHelper=inaccessible prefix=inaccessible&gt;&#10;|        |         |        |        java.lang.AssertionError: JSON path &quot;$._links.self.href&quot; expected:&lt;https://api.example.com/candidates/1024138f-684f-4311-b539-774fd3ef3a9c/assessments/90224982-2017-4098-bfc8-48f7b60ec01d&gt; but was:&lt;https://api.example.com/candidates/575d83f6-4be6-1075-516b-be2cb327acd3/assessments/90224982-2017-4098-bfc8-48f7b60ec01d&gt;&#10;|        |         |        |        	at org.springframework.test.util.AssertionErrors.fail(AssertionErrors.java:62)&#10;|        |         |        |        	at org.springframework.test.util.AssertionErrors.assertEquals(AssertionErrors.java:129)&#10;|        |         |        |        	at org.springframework.test.util.JsonPathExpectationsHelper.assertValue(JsonPathExpectationsHelper.java:172)&#10;|        |         |        |        	at org.springframework.test.web.servlet.result.JsonPathResultMatchers.lambda$value$2(JsonPathResultMatchers.java:111)&#10;|        |         |        |        	at org.springframework.test.web.servlet.MockMvc$1.andExpect(MockMvc.java:212)&#10;|        |         |        |        	at com.example.api.v2.candidate.CandidatesDocumentationV2Spec.getAssessment(CandidatesDocumentationV2Spec.groovy:234)&#10;|        |         |        &lt;org.springframework.test.web.servlet.result.StatusResultMatchers$$Lambda/0x000000001e915be0@7aca8561 arg$1=inaccessible&gt;&#10;|        |         &lt;org.springframework.test.web.servlet.result.StatusResultMatchers@5b4d30c7&gt;&#10;|        &lt;org.springframework.test.web.servlet.MockMvc$1@4d71530a val$mvcResult=inaccessible this$0=inaccessible&gt;&#10;&lt;org.springframework.test.web.servlet.MockMvc$1@4d71530a val$mvcResult=inaccessible this$0=inaccessible&gt;&#10;" type="Condition failed with Exception"><![CDATA[Condition failed with Exception:

response.andExpect(status().isOk()) .andExpect(jsonPath('$._links.self.href').value("https://api.example.com/candidates/1024138f-684f-4311-b539-774fd3ef3a9c/assessments/90224982-2017-4098-bfc8-48f7b60ec01d"))
|        |         |        |        |         |                              |
|        |         |        |        |         |                              <org.springframework.test.web.servlet.result.JsonPathResultMatchers$$Lambda/0x000000001e925a28@56fa0c64 arg$1=inaccessible arg$2=inaccessible>
|        |         |        |        |         <org.springframework.test.web.servlet.result.JsonPathResultMatchers@1154f447 jsonPathHelper=inaccessible prefix=inaccessible>
|        |         |        |        java.lang.AssertionError: JSON path "$._links.self.href" expected:<https://api.example.com/candidates/1024138f-684f-4311-b539-774fd3ef3a9c/assessments/90224982-2017-4098-bfc8-48f7b60ec01d> but was:<https://api.example.com/candidates/575d83f6-4be6-1075-516b-be2cb327acd3/assessments/90224982-2017-4098-bfc8-48f7b60ec01d>
|        |         |        |        	at org.springframework.test.util.AssertionErrors.fail(AssertionErrors.java:62)
|        |         |        |        	at org.springframework.test.util.AssertionErrors.assertEquals(AssertionErrors.java:129)
|        |         |        |        	at org.springframework.test.util.JsonPathExpectationsHelper.assertValue(JsonPathExpectationsHelper.java:172)
|        |         |        |        	at org.springframework.test.web.servlet.result.JsonPathResultMatchers.lambda$value$2(JsonPathResultMatchers.java:111)
|        |         |        |        	at org.springframework.test.web.servlet.MockMvc$1.andExpect(MockMvc.java:212)
|        |         |        |        	at com.example.api.v2.candidate.CandidatesDocumentationV2Spec.getAssessment(CandidatesDocumentationV2Spec.groovy:234)
|        |         |        <org.springframework.test.web.servlet.result.StatusResultMatchers$$Lambda/0x000000001e915be0@7aca8561 arg$1=inaccessible>
|        |         <org.springframework.test.web.servlet.result.StatusResultMatchers@5b4d30c7>
|        <org.springframework.test.web.servlet.MockMvc$1@4d71530a val$mvcResult=inaccessible this$0=inaccessible>
<org.springframework.test.web.servlet.MockMvc$1@4d71530a val$mvcResult=inaccessible this$0=inaccessible>

	at com.example.api.v2.candidate.CandidatesDocumentationV2Spec.getAssessment(CandidatesDocumentationV2Spec.groovy:234)
Caused by: java.lang.AssertionError: JSON path "$._links.self.href" expected:<https://api.example.com/candidates/1024138f-684f-4311-b539-774fd3ef3a9c/assessments/90224982-2017-4098-bfc8-48f7b60ec01d> but was:<https://api.example.com/candidates/575d83f6-4be6-1075-516b-be2cb327acd3/assessments/90224982-2017-4098-bfc8-48f7b60ec01d>
	at org.springframework.test.util.AssertionErrors.fail(AssertionErrors.java:62)
	at org.springframework.test.util.AssertionErrors.assertEquals(AssertionErrors.java:129)
	at org.springframework.test.util.JsonPathExpectationsHelper.assertValue(JsonPathExpectationsHelper.java:172)
	at org.springframework.test.web.servlet.result.JsonPathResultMatchers.lambda$value$2(JsonPathResultMatchers.java:111)
	at org.springframework.test.web.servlet.MockMvc$1.andExpect(MockMvc.java:212)
	... 1 more
]]></failure>
    <system-out><![CDATA[2026-09-15 06:06:59.340  INFO [                ,                ] --- [main] o.s.b.t.m.w.SpringBootMockServletContext : Initializing Spring TestDispatcherServlet ''
2026-09-15 06:06:59.340  INFO [                ,                ] --- [main] o.s.t.web.servlet.TestDispatcherServlet  : Initializing Servlet ''
2026-09-15 06:06:59.341  INFO [                ,                ] --- [main] o.s.t.web.servlet.TestDispatcherServlet  : Completed initialization in 1 ms
]]></system-out>
  </testcase>
  <testcase name="deleteCandidate" classname="CandidatesDocumentationV2Spec" time="0.017">
    <system-out><![CDATA[2026-09-15 06:06:59.448  INFO [                ,                ] --- [main] o.s.b.t.m.w.SpringBootMockServletContext : Initializing Spring TestDispatcherServlet ''
2026-09-15 06:06:59.448  INFO [                ,                ] --- [main] o.s.t.web.servlet.TestDispatcherServlet  : Initializing Servlet ''
2026-09-15 06:06:59.449  INFO [                ,                ] --- [main] o.s.t.web.servlet.TestDispatcherServlet  : Completed initialization in 1 ms
]]></system-out>
  </testcase>
  <testcase name="deleteAssessment" classname="CandidatesDocumentationV2Spec" time="0.014">
    <system-out><![CDATA[2026-09-15 06:06:59.467  INFO [                ,                ] --- [main] o.s.b.t.m.w.SpringBootMockServletContext : Initializing Spring TestDispatcherServlet ''
2026-09-15 06:06:59.467  INFO [                ,                ] --- [main] o.s.t.web.servlet.TestDispatcherServlet  : Initializing Servlet ''
2026-09-15 06:06:59.468  INFO [                ,                ] --- [main] o.s.t.web.servlet.TestDispatcherServlet  : Completed initialization in 1 ms
]]></system-out>
  </testcase>
  <testcase name="patchCandidate" classname="CandidatesDocumentationV2Spec" time="0.026">
    <system-out><![CDATA[2026-09-15 06:06:59.480  INFO [                ,                ] --- [main] o.s.b.t.m.w.SpringBootMockServletContext : Initializing Spring TestDispatcherServlet ''
2026-09-15 06:06:59.481  INFO [                ,                ] --- [main] o.s.t.web.servlet.TestDispatcherServlet  : Initializing Servlet ''
2026-09-15 06:06:59.482  INFO [                ,                ] --- [main] o.s.t.web.servlet.TestDispatcherServlet  : Completed initialization in 1 ms
]]></system-out>
  </testcase>
</testsuite>