<?xml version="1.0" encoding="UTF-8"?>
<testsuite xmlns:xsi="http://www.w3.org/2001/XMLSchema-instance" xsi:noNamespaceSchemaLocation="https://maven.apache.org/surefire/maven-surefire-plugin/xsd/surefire-test-report.xsd" version="3.0.2" name="com.example.auth.user.password.PasswordPolicyServiceTest" time="0.035" tests="10" errors="0" skipped="0" failures="0" flakes="0">
  <testcase name="should_reject_password_without_digit" classname="com.example.auth.user.password.PasswordPolicyServiceTest" time="0.002"/>
  <testcase name="should_accept_password_with_all_complexity_requirements" classname="com.example.auth.user.password.PasswordPolicyServiceTest" time="0.001"/>
  <testcase name="should_accept_correct_password" classname="com.example.auth.user.password.PasswordPolicyServiceTest" time="0.0"/>
  <testcase name="should_reject_longer_than_128_characters" classname="com.example.auth.user.password.PasswordPolicyServiceTest" time="0.003"/>
  <testcase name="should_reject_shorther_than_12_characters" classname="com.example.auth.user.password.PasswordPolicyServiceTest" time="0.0"/>
  <testcase name="should_reject_popular_password" classname="com.example.auth.user.password.PasswordPolicyServiceTest" time="0.0"/>
  <testcase name="should_reject_password_without_lowercase" classname="com.example.auth.user.password.PasswordPolicyServiceTest" time="0.001"/>
  <testcase name="should_reject_password_without_uppercase" classname="com.example.auth.user.password.PasswordPolicyServiceTest" time="0.001"/>
  <testcase name="sould_treat_multiple_spaces_as_one_for_length_check" classname="com.example.auth.user.password.PasswordPolicyServiceTest" time="0.0"/>
  <testcase name="should_accept_password_with_special_characters_but_not_require_them" classname="com.example.auth.user.password.PasswordPolicyServiceTest" time="0.001"/>
</testsuite>