<?xml version="1.0" encoding="UTF-8"?>
<testsuite xmlns:xsi="http://www.w3.org/2001/XMLSchema-instance" xsi:noNamespaceSchemaLocation="https://maven.apache.org/surefire/maven-surefire-plugin/xsd/surefire-test-report.xsd" version="3.0.2" name="com.example.app.ContextCascadeTest" time="0.002" tests="1" errors="1" skipped="0" failures="0" flakes="0">
  <properties>
[...]
</properties>
  <testcase name="storesOneValuePerUserAndKey" classname="com.example.app.ContextCascadeTest" time="0.001">
    <error message="Failed to load ApplicationContext for [WebMergedContextConfiguration@90d0be7 testClass = com.example.app.ContextCascadeTest, locations = [], classes = [com.example.app.Application], contextInitializerClasses = [], activeProfiles = [&quot;test&quot;], propertySourceDescriptors = [], propertySourceProperties = [&quot;org.springframework.boot.test.context.SpringBootTestContextBootstrapper=true&quot;], contextCustomizers = []]" type="java.lang.IllegalStateException"><![CDATA[java.lang.IllegalStateException: Failed to load ApplicationContext for [WebMergedContextConfiguration@90d0be7 testClass = com.example.app.ContextCascadeTest, locations = [], classes = [com.example.app.Application], contextInitializerClasses = [], activeProfiles = ["test"], propertySourceDescriptors = [], propertySourceProperties = ["org.springframework.boot.test.context.SpringBootTestContextBootstrapper=true"], contextCustomizers = []]
	at com.example.app.ContextCascadeTest.chain(ContextCascadeTest.java:23)
	at com.example.app.ContextCascadeTest.storesOneValuePerUserAndKey(ContextCascadeTest.java:35)
	at java.base/java.lang.reflect.Method.invoke(Method.java:565)
	at java.base/java.util.ArrayList.forEach(ArrayList.java:1612)
	at java.base/java.util.ArrayList.forEach(ArrayList.java:1612)
Caused by: java.lang.RuntimeException: Error creating bean with name 'scimConfigRepository' defined in com.example.app.ScimConfigRepository defined in @EnableJpaRepositories declared on JpaConfig: Cannot resolve reference to bean 'jpaSharedEM_primaryEntityManagerFactory' while setting bean property 'entityManager'
	at com.example.app.ContextCascadeTest.chain(ContextCascadeTest.java:21)
	... 4 more
Caused by: java.lang.RuntimeException: Error creating bean with name 'jpaSharedEM_primaryEntityManagerFactory': Cannot resolve reference to bean 'primaryEntityManagerFactory' while setting constructor argument
	at com.example.app.ContextCascadeTest.chain(ContextCascadeTest.java:19)
	... 4 more
Caused by: java.lang.RuntimeException: Error creating bean with name 'primaryEntityManagerFactory' defined in class path resource [com/example/app/JpaConfig.class]: Unable to build Hibernate SessionFactory  [persistence unit: default]
	at com.example.app.ContextCascadeTest.chain(ContextCascadeTest.java:17)
	... 4 more
Caused by: java.lang.RuntimeException: Unable to build Hibernate SessionFactory  [persistence unit: default] ; nested exception is org.hibernate.tool.schema.spi.SchemaManagementException: Schema validation: wrong column type encountered in column [authorization_grant_types] in table [oauth2_registered_client]
	at com.example.app.ContextCascadeTest.chain(ContextCascadeTest.java:15)
	... 4 more
Caused by: java.lang.IllegalArgumentException: Schema validation: wrong column type encountered in column [authorization_grant_types] in table [oauth2_registered_client]; found [_text (Types#ARRAY)], but expecting [text[] (Types#JSON)]
	at com.example.app.ContextCascadeTest.chain(ContextCascadeTest.java:13)
	... 4 more
]]></error>
    <system-out><![CDATA[Caused by: java.lang.RuntimeException: Error creating bean with name 'scimConfigRepository' defined in com.example.app.ScimConfigRepository defined in @EnableJpaRepositories declared on JpaConfig: Cannot resolve reference to bean 'jpaSharedEM_primaryEntityManagerFactory' while setting bean property 'entityManager'
Caused by: java.lang.RuntimeException: Error creating bean with name 'jpaSharedEM_primaryEntityManagerFactory': Cannot resolve reference to bean 'primaryEntityManagerFactory' while setting constructor argument
Caused by: java.lang.RuntimeException: Error creating bean with name 'primaryEntityManagerFactory' defined in class path resource [com/example/app/JpaConfig.class]: Unable to build Hibernate SessionFactory  [persistence unit: default]
Caused by: java.lang.RuntimeException: Unable to build Hibernate SessionFactory  [persistence unit: default] ; nested exception is org.hibernate.tool.schema.spi.SchemaManagementException: Schema validation: wrong column type encountered in column [authorization_grant_types] in table [oauth2_registered_client]
Caused by: java.lang.IllegalArgumentException: Schema validation: wrong column type encountered in column [authorization_grant_types] in table [oauth2_registered_client]; found [_text (Types#ARRAY)], but expecting [text[] (Types#JSON)]
]]></system-out>
  </testcase>
</testsuite>