<?xml version="1.0" encoding="UTF-8"?>
<testsuite version="3.0" name="com.devsc.service.candidate.eval.answers.ExamFinishedReceiverTest" time="0.303" tests="4" errors="0" skipped="0" failures="1">
  <testcase name="shouldIgnoreAnswersWhenExamIsAlreadyFinished" classname="com.devsc.service.candidate.eval.answers.ExamFinishedReceiverTest" time="0.002">
    <failure message="candidateService.findInvitationByToken(&quot;TOKN-1234-ABCD&quot;); Wanted 1 time but was 3 times" type="org.mockito.exceptions.verification.TooManyActualInvocations"><![CDATA[org.mockito.exceptions.verification.TooManyActualInvocations: 
candidateService.findInvitationByToken(
    "TOKN-1234-ABCD"
);
Wanted 1 time:
-> at com.devsc.service.domain.CandidateService.findInvitationByToken(CandidateService.java:211)
But was 3 times:
-> at com.devsc.service.candidate.eval.answers.ExamFinishedReceiver.receive(ExamFinishedReceiver.java:64)

	at com.devsc.service.candidate.eval.answers.ExamFinishedReceiverTest.shouldIgnoreAnswersWhenExamIsAlreadyFinished(ExamFinishedReceiverTest.java:118)
	at java.base/java.lang.reflect.Method.invoke(Method.java:565)
]]></failure>
    <system-out><![CDATA[&amp#27;[35m2026-07-31 12:10:13.895&amp#27;[0;39m &amp#27;[39mDEBUG&amp#27;[0;39m [main           ] &amp#27;[36mc.devsc.data.model.candidate.Invitation &amp#27;[0;39m : Creating new invitation [invitationBusinessId=395198ab-b1ee-40b1-a7a0-774caae4b590, token=null, authorId=1]
&amp#27;[35m2026-07-31 12:10:13.895&amp#27;[0;39m &amp#27;[39mDEBUG&amp#27;[0;39m [main           ] &amp#27;[36mc.devsc.data.model.answer.AnswerSheet   &amp#27;[0;39m : Initializing answerSheet for invitation 395198ab-b1ee-40b1-a7a0-774caae4b590
&amp#27;[35m2026-07-31 12:10:13.895&amp#27;[0;39m &amp#27;[39mDEBUG&amp#27;[0;39m [main           ] &amp#27;[36mc.devsc.data.model.answer.AnswerSheet   &amp#27;[0;39m : Initialized answerSheet for invitation with status NEW, invitationId=395198ab-b1ee-40b1-a7a0-774caae4b590
&amp#27;[35m2026-07-31 12:10:13.895&amp#27;[0;39m &amp#27;[39mDEBUG&amp#27;[0;39m [main           ] &amp#27;[36mc.devsc.data.model.candidate.Candidate  &amp#27;[0;39m : Candidate b25a9545-b551-4aeb-9646-fc346e51b591 has ALL invitations in status CANCELED or TOKEN_EXPIRED or ERROR. calculating candidate status
&amp#27;[35m2026-07-31 12:10:13.895&amp#27;[0;39m &amp#27;[39mDEBUG&amp#27;[0;39m [main           ] &amp#27;[36mc.devsc.data.model.candidate.Candidate  &amp#27;[0;39m : THERE IS NO LAST INVITATION for candidate b25a9545-b551-4aeb-9646-fc346e51b591, setting status to NEW
&amp#27;[35m2026-07-31 12:10:13.895&amp#27;[0;39m &amp#27;[39mDEBUG&amp#27;[0;39m [main           ] &amp#27;[36mc.devsc.data.model.answer.AnswerSheet   &amp#27;[0;39m : Creating timeSlot for answerSheet: 395198ab-b1ee-40b1-a7a0-774caae4b590
&amp#27;[35m2026-07-31 12:10:13.895&amp#27;[0;39m &amp#27;[39mDEBUG&amp#27;[0;39m [main           ] &amp#27;[36mc.devsc.data.model.answer.AnswerSheet   &amp#27;[0;39m : Created timeSlot for AnswerSheet: 395198ab-b1ee-40b1-a7a0-774caae4b590, timeSlot: TimeSlot{startedAt=null, finishedAt=null, timeLimit=PT0S, lastAccessAt=null, duration=null}
&amp#27;[35m2026-07-31 12:10:13.895&amp#27;[0;39m &amp#27;[34mINFO &amp#27;[0;39m [main           ] &amp#27;[36mc.d.s.c.e.answers.ExamFinishedReceiver  &amp#27;[0;39m : Got complete answers from Eval service: ExamFinished[token=TOKN-1234-ABCD,timestamp=1970-01-01T00:00:01Z,answers={S0F=[]},clientIp=1.2.3.4,browserInfo=com.devsc.data.domain.dto.CandidateItemValues$BrowserInfo@6be7c9d9,allocatedProjects=HashMap(),sessionRecordingPath=<null>]
&amp#27;[35m2026-07-31 12:10:13.895&amp#27;[0;39m &amp#27;[31mWARN &amp#27;[0;39m [main           ] &amp#27;[36mc.d.s.c.e.answers.ExamFinishedReceiver  &amp#27;[0;39m : Ignoring answers from eval for TOKN-1234-ABCD - the exam is already finished in status null
]]></system-out>
  </testcase>
</testsuite>
